<?xml version="1.0" encoding="UTF-8"?>
<testng-results ignored="0" total="2" passed="2" failed="0" skipped="0">
  <reporter-output>
  </reporter-output>
  <suite started-at="2020-12-20T07:44:46Z" name="Suite" finished-at="2020-12-20T08:11:54Z" duration-ms="1628077">
    <groups>
    </groups>
    <test started-at="2020-12-20T07:44:46Z" name="testparallel" finished-at="2020-12-20T08:11:54Z" duration-ms="1628077">
      <class name="testing.test">
        <test-method is-config="true" signature="startTesting()[pri:0, instance:testing.test@3214ee6]" started-at="2020-12-20T07:44:46Z" name="startTesting" finished-at="2020-12-20T07:44:46Z" duration-ms="25" status="PASS">
          <reporter-output>
          </reporter-output>
        </test-method> <!-- startTesting -->
        <test-method signature="testlaunch(java.lang.String, java.lang.String, java.lang.String)[pri:0, instance:testing.test@3214ee6]" started-at="2020-12-20T07:44:47Z" name="testlaunch" data-provider="getData" finished-at="2020-12-20T08:11:54Z" duration-ms="1627452" status="PASS">
          <params>
            <param index="0">
              <value>
                <![CDATA[SigninTest|| ]]>
              </value>
            </param>
            <param index="1">
              <value>
                <![CDATA[Open search box|| ]]>
              </value>
            </param>
            <param index="2">
              <value>
                <![CDATA[firefox|| ]]>
              </value>
            </param>
          </params>
          <reporter-output>
          </reporter-output>
        </test-method> <!-- testlaunch -->
        <test-method signature="testlaunch(java.lang.String, java.lang.String, java.lang.String)[pri:0, instance:testing.test@3214ee6]" started-at="2020-12-20T07:44:47Z" name="testlaunch" data-provider="getData" finished-at="2020-12-20T07:44:55Z" duration-ms="7877" status="PASS">
          <params>
            <param index="0">
              <value>
                <![CDATA[LoginTest|| ]]>
              </value>
            </param>
            <param index="1">
              <value>
                <![CDATA[Check URL|| ]]>
              </value>
            </param>
            <param index="2">
              <value>
                <![CDATA[firefox|| ]]>
              </value>
            </param>
          </params>
          <reporter-output>
          </reporter-output>
        </test-method> <!-- testlaunch -->
        <test-method is-config="true" signature="endScript()[pri:0, instance:testing.test@3214ee6]" started-at="2020-12-20T08:11:54Z" name="endScript" finished-at="2020-12-20T08:11:54Z" duration-ms="40" status="PASS">
          <reporter-output>
          </reporter-output>
        </test-method> <!-- endScript -->
      </class> <!-- testing.test -->
    </test> <!-- testparallel -->
  </suite> <!-- Suite -->
</testng-results>
